[0m06:17:13.286851 [debug] [MainThread]: Sending event: {'category': 'dbt', 'action': 'invocation', 'label': 'start', 'context': [<snowplow_tracker.self_describing_json.SelfDescribingJson object at 0x7b7a2b381ee0>, <snowplow_tracker.self_describing_json.SelfDescribingJson object at 0x7b7a2b08f860>, <snowplow_tracker.self_describing_json.SelfDescribingJson object at 0x7b7a2ab3f2f0>]}


============================== 06:17:13.290793 | f0f61afb-1762-460a-997e-d39e8229b63d ==============================
[0m06:17:13.290793 [info ] [MainThread]: Running with dbt=1.9.4
[0m06:17:13.291300 [debug] [MainThread]: running dbt with arguments {'printer_width': '80', 'indirect_selection': 'eager', 'log_cache_events': 'False', 'write_json': 'True', 'partial_parse': 'True', 'cache_selected_only': 'False', 'warn_error': 'None', 'fail_fast': 'False', 'debug': 'False', 'log_path': 'logs', 'version_check': 'True', 'profiles_dir': '/home/ubuntu/.dbt', 'use_colors': 'True', 'use_experimental_parser': 'False', 'empty': 'None', 'quiet': 'False', 'no_print': 'None', 'log_format': 'default', 'invocation_command': 'dbt init gainers', 'introspect': 'True', 'warn_error_options': 'WarnErrorOptions(include=[], exclude=[])', 'target_path': 'None', 'static_parser': 'True', 'send_anonymous_usage_stats': 'True'}
[0m06:17:13.303678 [debug] [MainThread]: Starter project path: /home/ubuntu/SP25_DS5111_rcs2mh/env/lib/python3.12/site-packages/dbt/include/starter_project
[0m06:17:13.306326 [info ] [MainThread]: 
Your new dbt project "gainers" was created!

For more information on how to configure the profiles.yml file,
please consult the dbt documentation here:

  https://docs.getdbt.com/docs/configure-your-profile

One more thing:

Need help? Don't hesitate to reach out to us via GitHub issues or on Slack:

  https://community.getdbt.com/

Happy modeling!

[0m06:17:13.307746 [info ] [MainThread]: Setting up your profile.
[0m06:20:54.804298 [info ] [MainThread]: Profile gainers written to /home/ubuntu/.dbt/profiles.yml using target's profile_template.yml and your supplied values. Run 'dbt debug' to validate the connection.
[0m06:20:54.805844 [debug] [MainThread]: Resource report: {"command_name": "init", "command_success": true, "command_wall_clock_time": 221.57922, "process_in_blocks": "0", "process_kernel_time": 0.201352, "process_mem_max_rss": "159924", "process_out_blocks": "80", "process_user_time": 2.035834}
[0m06:20:54.806281 [debug] [MainThread]: Command `dbt init` succeeded at 06:20:54.806188 after 221.58 seconds
[0m06:20:54.806582 [debug] [MainThread]: Sending event: {'category': 'dbt', 'action': 'invocation', 'label': 'end', 'context': [<snowplow_tracker.self_describing_json.SelfDescribingJson object at 0x7b7a2cf9b890>, <snowplow_tracker.self_describing_json.SelfDescribingJson object at 0x7b7a22c91eb0>, <snowplow_tracker.self_describing_json.SelfDescribingJson object at 0x7b7a2aa2e510>]}
[0m06:20:54.806951 [debug] [MainThread]: Flushing usage events
[0m06:20:54.824267 [debug] [MainThread]: An error was encountered while trying to flush usage events
[0m06:21:05.743786 [debug] [MainThread]: Sending event: {'category': 'dbt', 'action': 'invocation', 'label': 'start', 'context': [<snowplow_tracker.self_describing_json.SelfDescribingJson object at 0x784c5ded9550>, <snowplow_tracker.self_describing_json.SelfDescribingJson object at 0x784c5dae0b00>, <snowplow_tracker.self_describing_json.SelfDescribingJson object at 0x784c5faccd40>]}


============================== 06:21:05.747778 | 985fec1d-58b2-47ca-8d83-cf92b909b415 ==============================
[0m06:21:05.747778 [info ] [MainThread]: Running with dbt=1.9.4
[0m06:21:05.748399 [debug] [MainThread]: running dbt with arguments {'printer_width': '80', 'indirect_selection': 'eager', 'write_json': 'True', 'log_cache_events': 'False', 'partial_parse': 'True', 'cache_selected_only': 'False', 'profiles_dir': '/home/ubuntu/.dbt', 'debug': 'False', 'version_check': 'True', 'log_path': 'logs', 'warn_error': 'None', 'fail_fast': 'False', 'use_colors': 'True', 'use_experimental_parser': 'False', 'no_print': 'None', 'quiet': 'False', 'empty': 'None', 'warn_error_options': 'WarnErrorOptions(include=[], exclude=[])', 'introspect': 'True', 'invocation_command': 'dbt debug', 'static_parser': 'True', 'target_path': 'None', 'log_format': 'default', 'send_anonymous_usage_stats': 'True'}
[0m06:21:05.761454 [info ] [MainThread]: dbt version: 1.9.4
[0m06:21:05.761848 [info ] [MainThread]: python version: 3.12.3
[0m06:21:05.762270 [info ] [MainThread]: python path: /home/ubuntu/SP25_DS5111_rcs2mh/env/bin/python3
[0m06:21:05.762659 [info ] [MainThread]: os info: Linux-6.8.0-1027-aws-x86_64-with-glibc2.39
[0m06:21:06.378451 [info ] [MainThread]: Using profiles dir at /home/ubuntu/.dbt
[0m06:21:06.379136 [info ] [MainThread]: Using profiles.yml file at /home/ubuntu/.dbt/profiles.yml
[0m06:21:06.379558 [info ] [MainThread]: Using dbt_project.yml file at /home/ubuntu/SP25_DS5111_rcs2mh/projects/dbt_project.yml
[0m06:21:06.380221 [info ] [MainThread]: adapter type: snowflake
[0m06:21:06.380676 [info ] [MainThread]: adapter version: 1.9.2
[0m06:21:06.381163 [info ] [MainThread]: Configuration:
[0m06:21:06.381576 [info ] [MainThread]:   profiles.yml file [[32mOK found and valid[0m]
[0m06:21:06.381935 [info ] [MainThread]:   dbt_project.yml file [[31mERROR not found[0m]
[0m06:21:06.382422 [info ] [MainThread]: Required dependencies:
[0m06:21:06.382862 [debug] [MainThread]: Executing "git --help"
[0m06:21:06.409980 [debug] [MainThread]: STDOUT: "b"usage: git [-v | --version] [-h | --help] [-C <path>] [-c <name>=<value>]\n           [--exec-path[=<path>]] [--html-path] [--man-path] [--info-path]\n           [-p | --paginate | -P | --no-pager] [--no-replace-objects] [--bare]\n           [--git-dir=<path>] [--work-tree=<path>] [--namespace=<name>]\n           [--config-env=<name>=<envvar>] <command> [<args>]\n\nThese are common Git commands used in various situations:\n\nstart a working area (see also: git help tutorial)\n   clone     Clone a repository into a new directory\n   init      Create an empty Git repository or reinitialize an existing one\n\nwork on the current change (see also: git help everyday)\n   add       Add file contents to the index\n   mv        Move or rename a file, a directory, or a symlink\n   restore   Restore working tree files\n   rm        Remove files from the working tree and from the index\n\nexamine the history and state (see also: git help revisions)\n   bisect    Use binary search to find the commit that introduced a bug\n   diff      Show changes between commits, commit and working tree, etc\n   grep      Print lines matching a pattern\n   log       Show commit logs\n   show      Show various types of objects\n   status    Show the working tree status\n\ngrow, mark and tweak your common history\n   branch    List, create, or delete branches\n   commit    Record changes to the repository\n   merge     Join two or more development histories together\n   rebase    Reapply commits on top of another base tip\n   reset     Reset current HEAD to the specified state\n   switch    Switch branches\n   tag       Create, list, delete or verify a tag object signed with GPG\n\ncollaborate (see also: git help workflows)\n   fetch     Download objects and refs from another repository\n   pull      Fetch from and integrate with another repository or a local branch\n   push      Update remote refs along with associated objects\n\n'git help -a' and 'git help -g' list available subcommands and some\nconcept guides. See 'git help <command>' or 'git help <concept>'\nto read about a specific subcommand or concept.\nSee 'git help git' for an overview of the system.\n""
[0m06:21:06.410467 [debug] [MainThread]: STDERR: "b''"
[0m06:21:06.410736 [info ] [MainThread]:  - git [[32mOK found[0m]

[0m06:21:06.411294 [info ] [MainThread]: Connection:
[0m06:21:06.411865 [info ] [MainThread]:   account: rja95216
[0m06:21:06.412388 [info ] [MainThread]:   user: rcs2mh@virginia.edu
[0m06:21:06.412838 [info ] [MainThread]:   database: DATA_SCIENCE
[0m06:21:06.413304 [info ] [MainThread]:   warehouse: COMPUTE_WH
[0m06:21:06.413664 [info ] [MainThread]:   role: DS5111_DBT
[0m06:21:06.414111 [info ] [MainThread]:   schema: RCS2MH
[0m06:21:06.414579 [info ] [MainThread]:   authenticator: None
[0m06:21:06.414958 [info ] [MainThread]:   oauth_client_id: None
[0m06:21:06.415377 [info ] [MainThread]:   query_tag: None
[0m06:21:06.415758 [info ] [MainThread]:   client_session_keep_alive: False
[0m06:21:06.416150 [info ] [MainThread]:   host: None
[0m06:21:06.416586 [info ] [MainThread]:   port: None
[0m06:21:06.416911 [info ] [MainThread]:   proxy_host: None
[0m06:21:06.417328 [info ] [MainThread]:   proxy_port: None
[0m06:21:06.417737 [info ] [MainThread]:   protocol: None
[0m06:21:06.418405 [info ] [MainThread]:   connect_retries: 1
[0m06:21:06.418776 [info ] [MainThread]:   connect_timeout: None
[0m06:21:06.419135 [info ] [MainThread]:   retry_on_database_errors: False
[0m06:21:06.419544 [info ] [MainThread]:   retry_all: False
[0m06:21:06.419952 [info ] [MainThread]:   insecure_mode: False
[0m06:21:06.420356 [info ] [MainThread]:   reuse_connections: True
[0m06:21:06.420807 [info ] [MainThread]: Registered adapter: snowflake=1.9.2
[0m06:21:06.559233 [debug] [MainThread]: Acquiring new snowflake connection 'debug'
[0m06:21:06.606130 [debug] [MainThread]: Using snowflake connection "debug"
[0m06:21:06.607028 [debug] [MainThread]: On debug: select 1 as id
[0m06:21:06.607285 [debug] [MainThread]: Opening a new connection, currently in state init
[0m06:21:07.377516 [debug] [MainThread]: SQL status: SUCCESS 1 in 0.770 seconds
[0m06:21:07.378847 [info ] [MainThread]:   Connection test: [[32mOK connection ok[0m]

[0m06:21:07.379460 [info ] [MainThread]: [31m1 check failed:[0m
[0m06:21:07.379848 [info ] [MainThread]: Project loading failed for the following reason:
 project path </home/ubuntu/SP25_DS5111_rcs2mh/projects/dbt_project.yml> not found

[0m06:21:07.381374 [debug] [MainThread]: Resource report: {"command_name": "debug", "command_success": false, "command_wall_clock_time": 1.6995237, "process_in_blocks": "632", "process_kernel_time": 0.240781, "process_mem_max_rss": "173016", "process_out_blocks": "2480", "process_user_time": 2.504254}
[0m06:21:07.382033 [debug] [MainThread]: Command `dbt debug` failed at 06:21:07.381667 after 1.70 seconds
[0m06:21:07.382320 [debug] [MainThread]: Connection 'debug' was left open.
[0m06:21:07.382563 [debug] [MainThread]: On debug: Close
[0m06:21:07.563275 [debug] [MainThread]: Sending event: {'category': 'dbt', 'action': 'invocation', 'label': 'end', 'context': [<snowplow_tracker.self_describing_json.SelfDescribingJson object at 0x784c552a7cb0>, <snowplow_tracker.self_describing_json.SelfDescribingJson object at 0x784c54c19460>, <snowplow_tracker.self_describing_json.SelfDescribingJson object at 0x784c5798c500>]}
[0m06:21:07.563789 [debug] [MainThread]: Flushing usage events
[0m06:21:07.574515 [debug] [MainThread]: An error was encountered while trying to flush usage events
